生成启动时间为 2019/2/15 9:40:35。
项目“C:\ClassCode\48班\2_15\2_15\2_15.vcxproj”在节点 2 上(build 个目标)。
InitializeBuildStatus:
  正在创建“Release\2_15.unsuccessfulbuild”，因为已指定“AlwaysCreate”。
ClCompile:
  c:\Program Files (x86)\Microsoft Visual Studio 10.0\VC\bin\CL.exe /c /Zi /nologo /W3 /WX- /O2 /Oi /Oy- /GL /D _MBCS /Gm- /EHsc /MD /GS /Gy /fp:precise /Zc:wchar_t /Zc:forScope /Fo"Release\\" /Fd"Release\vc100.pdb" /Gd /TC /analyze- /errorReport:prompt test.c
  test.c
Link:
  c:\Program Files (x86)\Microsoft Visual Studio 10.0\VC\bin\link.exe /ERRORREPORT:PROMPT /OUT:"C:\ClassCode\48班\2_15\Release\2_15.exe" /NOLOGO kernel32.lib user32.lib gdi32.lib winspool.lib comdlg32.lib advapi32.lib shell32.lib ole32.lib oleaut32.lib uuid.lib odbc32.lib odbccp32.lib /MANIFEST /ManifestFile:"Release\2_15.exe.intermediate.manifest" /MANIFESTUAC:"level='asInvoker' uiAccess='false'" /DEBUG /PDB:"C:\ClassCode\48班\2_15\Release\2_15.pdb" /OPT:REF /OPT:ICF /LTCG /TLBID:1 /DYNAMICBASE /NXCOMPAT /IMPLIB:"C:\ClassCode\48班\2_15\Release\2_15.lib" /MACHINE:X86 Release\test.obj
  正在生成代码
  已完成代码的生成
  2_15.vcxproj -> C:\ClassCode\48班\2_15\Release\2_15.exe
Manifest:
  c:\Program Files (x86)\Microsoft SDKs\Windows\v7.0A\bin\mt.exe /nologo /verbose /outputresource:"C:\ClassCode\48班\2_15\Release\2_15.exe;#1" /manifest Release\2_15.exe.intermediate.manifest
FinalizeBuildStatus:
  正在删除文件“Release\2_15.unsuccessfulbuild”。
  正在对“Release\2_15.lastbuildstate”执行 Touch 任务。
已完成生成项目“C:\ClassCode\48班\2_15\2_15\2_15.vcxproj”(build 个目标)的操作。

生成成功。

已用时间 00:00:01.16
