生成启动时间为 2020/2/9 21:31:27。
     1>项目“C:\ClassCode\试听课\Snake\Snake\Snake.vcxproj”在节点 2 上(build 个目标)。
     1>InitializeBuildStatus:
         正在创建“Debug\Snake.unsuccessfulbuild”，因为已指定“AlwaysCreate”。
       ClCompile:
         c:\Program Files (x86)\Microsoft Visual Studio 10.0\VC\bin\CL.exe /c /ZI /nologo /W3 /WX- /Od /Oy- /D _MBCS /Gm /EHsc /RTC1 /MDd /GS /fp:precise /Zc:wchar_t /Zc:forScope /Fo"Debug\\" /Fd"Debug\vc100.pdb" /Gd /TC /analyze- /errorReport:prompt Snake.c test.c
         test.c
         Snake.c
         正在生成代码...
       Link:
         c:\Program Files (x86)\Microsoft Visual Studio 10.0\VC\bin\link.exe /ERRORREPORT:PROMPT /OUT:"C:\ClassCode\试听课\Snake\Debug\Snake.exe" /NOLOGO kernel32.lib user32.lib gdi32.lib winspool.lib comdlg32.lib advapi32.lib shell32.lib ole32.lib oleaut32.lib uuid.lib odbc32.lib odbccp32.lib /MANIFEST /ManifestFile:"Debug\Snake.exe.intermediate.manifest" /MANIFESTUAC:"level='asInvoker' uiAccess='false'" /DEBUG /PDB:"C:\ClassCode\试听课\Snake\Debug\Snake.pdb" /TLBID:1 /DYNAMICBASE /NXCOMPAT /IMPLIB:"C:\ClassCode\试听课\Snake\Debug\Snake.lib" /MACHINE:X86 Debug\Snake.obj
         Debug\test.obj
         LINK : 没有找到 C:\ClassCode\试听课\Snake\Debug\Snake.exe 或上一个增量链接没有生成它；正在执行完全链接
         Snake.vcxproj -> C:\ClassCode\试听课\Snake\Debug\Snake.exe
       Manifest:
         c:\Program Files (x86)\Microsoft SDKs\Windows\v7.0A\bin\mt.exe /nologo /verbose /outputresource:"C:\ClassCode\试听课\Snake\Debug\Snake.exe;#1" /manifest Debug\Snake.exe.intermediate.manifest
       FinalizeBuildStatus:
         正在删除文件“Debug\Snake.unsuccessfulbuild”。
         正在对“Debug\Snake.lastbuildstate”执行 Touch 任务。
     1>已完成生成项目“C:\ClassCode\试听课\Snake\Snake\Snake.vcxproj”(build 个目标)的操作。

生成成功。

已用时间 00:00:02.16
